2022-03-13 16:45:55,925 [Worker-3: Loading available Gradle versions] INFO  o.e.b.c.i.u.g.PublishedGradleVersions - Gradle version information cache is up-to-date. Trying to read.
2022-03-13 16:47:14,526 [Worker-3: Loading available Gradle versions] INFO  o.e.b.c.i.u.g.PublishedGradleVersions - Gradle version information cache is up-to-date. Trying to read.
2022-03-13 17:34:38,430 [Worker-0: Creating maven-archetype-quickstart] ERROR o.e.m.c.i.p.ProjectConfigurationManager - Unable to create project from archetype [org.apache.maven.archetypes:maven-archetype-quickstart:1.4 -> https://repo1.maven.org/maven2]
org.apache.maven.archetype.exception.ArchetypeGenerationFailure: org.apache.maven.archetype.exception.InvalidPackaging: Unable to add module to the current project as it is not of packaging type 'pom'
	at org.apache.maven.archetype.generator.DefaultFilesetArchetypeGenerator.generateArchetype(DefaultFilesetArchetypeGenerator.java:237)
	at org.apache.maven.archetype.generator.DefaultArchetypeGenerator.processFileSetArchetype(DefaultArchetypeGenerator.java:129)
	at org.apache.maven.archetype.generator.DefaultArchetypeGenerator.generateArchetype(DefaultArchetypeGenerator.java:100)
	at org.apache.maven.archetype.generator.DefaultArchetypeGenerator.generateArchetype(DefaultArchetypeGenerator.java:143)
	at org.apache.maven.archetype.generator.DefaultArchetypeGenerator.generateArchetype(DefaultArchetypeGenerator.java:169)
	at org.apache.maven.archetype.DefaultArchetypeManager.generateProjectFromArchetype(DefaultArchetypeManager.java:73)
	at org.eclipse.m2e.core.internal.project.ProjectConfigurationManager.createArchetypeProjects0(ProjectConfigurationManager.java:856)
	at org.eclipse.m2e.core.internal.project.ProjectConfigurationManager.lambda$3(ProjectConfigurationManager.java:806)
	at org.eclipse.m2e.core.internal.embedder.MavenExecutionContext.executeBare(MavenExecutionContext.java:182)
	at org.eclipse.m2e.core.internal.embedder.MavenExecutionContext.execute(MavenExecutionContext.java:156)
	at org.eclipse.m2e.core.internal.embedder.MavenExecutionContext.execute(MavenExecutionContext.java:103)
	at org.eclipse.m2e.core.internal.embedder.MavenImpl.execute(MavenImpl.java:1416)
	at org.eclipse.m2e.core.internal.project.ProjectConfigurationManager.createArchetypeProjects(ProjectConfigurationManager.java:806)
	at org.eclipse.m2e.core.ui.internal.wizards.MavenProjectWizard$3.doCreateMavenProjects(MavenProjectWizard.java:236)
	at org.eclipse.m2e.core.ui.internal.wizards.AbstractCreateMavenProjectJob$1.doCreateMavenProjects(AbstractCreateMavenProjectJob.java:65)
	at org.eclipse.m2e.core.ui.internal.wizards.AbstractCreateMavenProjectsOperation.run(AbstractCreateMavenProjectsOperation.java:76)
	at org.eclipse.m2e.core.ui.internal.wizards.AbstractCreateMavenProjectJob.runInWorkspace(AbstractCreateMavenProjectJob.java:69)
	at org.eclipse.core.internal.resources.InternalWorkspaceJob.run(InternalWorkspaceJob.java:42)
	at org.eclipse.core.internal.jobs.Worker.run(Worker.java:63)
Caused by: org.apache.maven.archetype.exception.InvalidPackaging: Unable to add module to the current project as it is not of packaging type 'pom'
	at org.apache.maven.archetype.common.DefaultPomManager.addModule(DefaultPomManager.java:99)
	at org.apache.maven.archetype.generator.DefaultFilesetArchetypeGenerator.processPomWithParent(DefaultFilesetArchetypeGenerator.java:680)
	at org.apache.maven.archetype.generator.DefaultFilesetArchetypeGenerator.processFilesetProject(DefaultFilesetArchetypeGenerator.java:621)
	at org.apache.maven.archetype.generator.DefaultFilesetArchetypeGenerator.processFilesetModule(DefaultFilesetArchetypeGenerator.java:564)
	at org.apache.maven.archetype.generator.DefaultFilesetArchetypeGenerator.generateArchetype(DefaultFilesetArchetypeGenerator.java:203)
	... 18 common frames omitted
2022-03-13 17:35:58,491 [Worker-3: Creating maven-archetype-quickstart] ERROR o.e.m.c.i.p.ProjectConfigurationManager - Unable to create project from archetype [org.apache.maven.archetypes:maven-archetype-quickstart:1.4 -> https://repo1.maven.org/maven2]
org.apache.maven.archetype.exception.ArchetypeGenerationFailure: org.apache.maven.archetype.exception.InvalidPackaging: Unable to add module to the current project as it is not of packaging type 'pom'
	at org.apache.maven.archetype.generator.DefaultFilesetArchetypeGenerator.generateArchetype(DefaultFilesetArchetypeGenerator.java:237)
	at org.apache.maven.archetype.generator.DefaultArchetypeGenerator.processFileSetArchetype(DefaultArchetypeGenerator.java:129)
	at org.apache.maven.archetype.generator.DefaultArchetypeGenerator.generateArchetype(DefaultArchetypeGenerator.java:100)
	at org.apache.maven.archetype.generator.DefaultArchetypeGenerator.generateArchetype(DefaultArchetypeGenerator.java:143)
	at org.apache.maven.archetype.generator.DefaultArchetypeGenerator.generateArchetype(DefaultArchetypeGenerator.java:169)
	at org.apache.maven.archetype.DefaultArchetypeManager.generateProjectFromArchetype(DefaultArchetypeManager.java:73)
	at org.eclipse.m2e.core.internal.project.ProjectConfigurationManager.createArchetypeProjects0(ProjectConfigurationManager.java:856)
	at org.eclipse.m2e.core.internal.project.ProjectConfigurationManager.lambda$3(ProjectConfigurationManager.java:806)
	at org.eclipse.m2e.core.internal.embedder.MavenExecutionContext.executeBare(MavenExecutionContext.java:182)
	at org.eclipse.m2e.core.internal.embedder.MavenExecutionContext.execute(MavenExecutionContext.java:156)
	at org.eclipse.m2e.core.internal.embedder.MavenExecutionContext.execute(MavenExecutionContext.java:103)
	at org.eclipse.m2e.core.internal.embedder.MavenImpl.execute(MavenImpl.java:1416)
	at org.eclipse.m2e.core.internal.project.ProjectConfigurationManager.createArchetypeProjects(ProjectConfigurationManager.java:806)
	at org.eclipse.m2e.core.ui.internal.wizards.MavenProjectWizard$3.doCreateMavenProjects(MavenProjectWizard.java:236)
	at org.eclipse.m2e.core.ui.internal.wizards.AbstractCreateMavenProjectJob$1.doCreateMavenProjects(AbstractCreateMavenProjectJob.java:65)
	at org.eclipse.m2e.core.ui.internal.wizards.AbstractCreateMavenProjectsOperation.run(AbstractCreateMavenProjectsOperation.java:76)
	at org.eclipse.m2e.core.ui.internal.wizards.AbstractCreateMavenProjectJob.runInWorkspace(AbstractCreateMavenProjectJob.java:69)
	at org.eclipse.core.internal.resources.InternalWorkspaceJob.run(InternalWorkspaceJob.java:42)
	at org.eclipse.core.internal.jobs.Worker.run(Worker.java:63)
Caused by: org.apache.maven.archetype.exception.InvalidPackaging: Unable to add module to the current project as it is not of packaging type 'pom'
	at org.apache.maven.archetype.common.DefaultPomManager.addModule(DefaultPomManager.java:99)
	at org.apache.maven.archetype.generator.DefaultFilesetArchetypeGenerator.processPomWithParent(DefaultFilesetArchetypeGenerator.java:680)
	at org.apache.maven.archetype.generator.DefaultFilesetArchetypeGenerator.processFilesetProject(DefaultFilesetArchetypeGenerator.java:621)
	at org.apache.maven.archetype.generator.DefaultFilesetArchetypeGenerator.processFilesetModule(DefaultFilesetArchetypeGenerator.java:564)
	at org.apache.maven.archetype.generator.DefaultFilesetArchetypeGenerator.generateArchetype(DefaultFilesetArchetypeGenerator.java:203)
	... 18 common frames omitted
